  (table (;0;) 101 101 funcref)
  (memory (;0;) 4)
  (global $__stack_pointer (;0;) (mut i32) i32.const 65536)
  (global (;1;) (mut i32) i32.const 0)
  (global (;2;) (mut i32) i32.const 0)
  (export "memory" (memory 0))
  (export "malloc" (func $malloc))
  (export "free" (func $free))
  (export "calloc" (func $calloc))
  (export "realloc" (func $realloc))
  (export "_initialize" (func $_initialize))
  (export "spin_http_handle_http_request" (func $spin_http_handle_http_request))
  (export "canonical_abi_realloc" (func $canonical_abi_realloc))
  (export "canonical_abi_free" (func $canonical_abi_free))
  (export "handle-http-request" (func $__wasm_export_spin_http_handle_http_request))
  (export "asyncify_start_unwind" (func $asyncify_start_unwind))
  (export "asyncify_stop_unwind" (func $asyncify_stop_unwind))
  (export "asyncify_start_rewind" (func $asyncify_start_rewind))
  (export "asyncify_stop_rewind" (func $asyncify_stop_unwind))
  (export "asyncify_get_state" (func $asyncify_get_state))
  (elem (;0;) (i32.const 1) ...)
  (func $arc4random_buf (;14;) (type 1) (param i32 i32) ...)
  (func $chacha20_rng (;15;) (type 4) (param i32) ...)
  (func $chacha20_update (;16;) (type 1) (param i32 i32) ...)
  (func $arc4random (;17;) (type 16) (result i32) ...)
--
  (func 
    $"interface:{
      AddEvent:func:{
        basic:string,slice:named:go.opentelemetry.io/otel/trace.EventOption
      }{},
      AddLink:func:{
        named:go.opentelemetry.io/otel/trace.Link
      }{},
      End:func:{
        slice:named:go.opentelemetry.io/otel/trace.SpanEndOption
      }{},
      IsRecording:func:{}{basic:bool},
      RecordError:func:{
        named:error,slice:named:go.opentelemetry.io/otel/trace.EventOption
      }{},
      SetAttributes:func:{
        slice:named:go.opentelemetry.io/otel/attribute.KeyValue
      }{},
      SetName:func:{basic:string}{},
      SetStatus:func:{
        named:go.opentelemetry.io/otel/codes.Code,basic:string
      }{},
      SpanContext:func:{}{
        named:go.opentelemetry.io/otel/trace.SpanContext
      },
      TracerProvider:func:{}{
        named:go.opentelemetry.io/otel/trace.TracerProvider
      },
      go.opentelemetry.io/otel/trace/embedded.span:func:{}{}}.AddEvent$invoke" (;766;) (type 8) (param i32 i32 i32 i32 i32) 
      ...)

  (func $github.com/fermyon/spin/sdk/go/v2/kv.toCStr (;767;) (type 0) (param i32 i32 i32) ...)
  (func $github.com/fermyon/spin/sdk/go/v2/kv.toErr (;768;) (type 1) (param i32 i32) ...)
  (func $canonical_abi_realloc (;769;) (type 6) (param i32 i32 i32 i32) (result i32) ...)
  (func $canonical_abi_free (;770;) (type 0) (param i32 i32 i32) ...)
  (func $__wasm_export_spin_http_handle_http_request (;771;) (type 81) (param i32 i32 i32 i32 i32 i32 i32 i32 i32 i32) (result i32) ...)
  (func $asyncify_start_unwind (;772;) (type 4) (param i32) ...)
  (func $asyncify_stop_unwind (;773;) (type 13) ...)
  (func $asyncify_start_rewind (;774;) (type 4) (param i32) ...)
  (func $asyncify_get_state (;775;) (type 16) (result i32) ...)
  (func $"byn$mgfn-shared$(go.opentelemetry.io/otel/attribute.Value).asStringSlice" (;776;) (type 7) (param i32 i32 i32 i32 i32 i32 i32) ...)
